<?xml version="1.0" encoding="UTF-8"?>
<!-- Generated by org.testng.reporters.JUnitXMLReporter -->
<testsuite ignored="0" hostname="WINDOWS-BVQNF6J" failures="0" tests="2" name="Smoke Test" time="0.065" errors="0" timestamp="2022-10-20T18:25:54 IST">
  <testcase classname="com.citi.base.AutomationWrapper" name="@BeforeMethod setup" time="-1.666270554492E9">
    <failure type="org.testng.TestNGException" message="
Parameter &amp;apos;browser&amp;apos; is required by BeforeMethod on method setup but has not been marked @Optional or defined
in C:\automation_workspace\OrangeAutomation\testng.xml">
      <![CDATA[org.testng.TestNGException: 
Parameter 'browser' is required by BeforeMethod on method setup but has not been marked @Optional or defined
in C:\automation_workspace\OrangeAutomation\testng.xml
at java.base/java.util.ArrayList.forEach(ArrayList.java:1541)
... Removed 28 stack frames]]>
    </failure>
  </testcase> <!-- @BeforeMethod setup -->
  <testcase classname="com.citi.base.AutomationWrapper" name="@AfterMethod teardown" time="0.0">
    <skipped/>
  </testcase> <!-- @AfterMethod teardown -->
  <testcase classname="com.citi.base.AutomationWrapper" name="@BeforeMethod setup" time="0.0">
    <skipped/>
  </testcase> <!-- @BeforeMethod setup -->
  <testcase classname="com.citi.base.AutomationWrapper" name="@AfterMethod teardown" time="0.0">
    <skipped/>
  </testcase> <!-- @AfterMethod teardown -->
  <testcase classname="com.citi.test.LoginUITest" name="validatePlaceholderTest" time="0.0">
    <skipped/>
  </testcase> <!-- validatePlaceholderTest -->
  <testcase classname="com.citi.test.LoginUITest" name="validateTitleTest" time="0.001">
    <skipped/>
  </testcase> <!-- validateTitleTest -->
</testsuite> <!-- Smoke Test -->
